TN:
SF:js\calculator.js
FN:13,calculateNutrition
FN:14,(anonymous_1)
FN:26,(anonymous_2)
FNF:3
FNH:3
FNDA:15,calculateNutrition
FNDA:16,(anonymous_1)
FNDA:16,(anonymous_2)
DA:14,15
DA:15,16
DA:16,16
DA:18,16
DA:26,16
DA:33,15
DA:41,1
DA:42,1
LF:8
LH:8
BRDA:15,0,0,16
BRDA:15,0,1,2
BRDA:41,1,0,1
BRDA:41,1,1,0
BRDA:41,2,0,1
BRDA:41,2,1,1
BRF:6
BRH:5
end_of_record
TN:
SF:tests\setup.js
FNF:0
FNH:0
DA:14,1
DA:69,1
DA:78,1
DA:79,1
LF:4
LH:4
BRDA:78,0,0,1
BRDA:78,0,1,0
BRDA:78,1,0,1
BRDA:78,1,1,1
BRF:4
BRH:3
end_of_record
